<?xml version="1.0" encoding="UTF-8"?>
<!-- Generated by org.testng.reporters.JUnitReportReporter -->
<testsuite hostname="DESKTOP-I1SV93B" failures="0" tests="1" name="SpiceJet.ticketBooking" time="28.543" errors="0" timestamp="2022-02-27T19:31:20 IST" skipped="0">
  <testcase classname="SpiceJet.ticketBooking" name="Booking" time="28.543"/>
  <system-out/>
</testsuite> <!-- SpiceJet.ticketBooking -->
